{"C:\\Users\\ApachE\\Downloads\\StartDB-2025\\src\\abrigo-animais.js": {"path":"C:\\Users\\ApachE\\Downloads\\StartDB-2025\\src\\abrigo-animais.js","all":false,"statementMap":{"0":{"start":{"line":1,"column":0},"end":{"line":1,"column":21}},"1":{"start":{"line":2,"column":0},"end":{"line":2,"column":13}},"2":{"start":{"line":3,"column":0},"end":{"line":3,"column":58}},"3":{"start":{"line":4,"column":0},"end":{"line":4,"column":61}},"4":{"start":{"line":5,"column":0},"end":{"line":5,"column":69}},"5":{"start":{"line":6,"column":0},"end":{"line":6,"column":60}},"6":{"start":{"line":7,"column":0},"end":{"line":7,"column":62}},"7":{"start":{"line":8,"column":0},"end":{"line":8,"column":68}},"8":{"start":{"line":9,"column":0},"end":{"line":9,"column":63}},"9":{"start":{"line":10,"column":0},"end":{"line":10,"column":4}},"10":{"start":{"line":11,"column":0},"end":{"line":11,"column":0}},"11":{"start":{"line":12,"column":0},"end":{"line":12,"column":31}},"12":{"start":{"line":13,"column":0},"end":{"line":13,"column":11}},"13":{"start":{"line":14,"column":0},"end":{"line":14,"column":11}},"14":{"start":{"line":15,"column":0},"end":{"line":15,"column":12}},"15":{"start":{"line":16,"column":0},"end":{"line":16,"column":12}},"16":{"start":{"line":17,"column":0},"end":{"line":17,"column":13}},"17":{"start":{"line":18,"column":0},"end":{"line":18,"column":12}},"18":{"start":{"line":19,"column":0},"end":{"line":19,"column":5}},"19":{"start":{"line":20,"column":0},"end":{"line":20,"column":0}},"20":{"start":{"line":21,"column":0},"end":{"line":21,"column":71}},"21":{"start":{"line":22,"column":0},"end":{"line":22,"column":61}},"22":{"start":{"line":23,"column":0},"end":{"line":23,"column":54}},"23":{"start":{"line":24,"column":0},"end":{"line":24,"column":54}},"24":{"start":{"line":25,"column":0},"end":{"line":25,"column":0}},"25":{"start":{"line":26,"column":0},"end":{"line":26,"column":56}},"26":{"start":{"line":27,"column":0},"end":{"line":27,"column":38}},"27":{"start":{"line":28,"column":0},"end":{"line":28,"column":43}},"28":{"start":{"line":29,"column":0},"end":{"line":29,"column":7}},"29":{"start":{"line":30,"column":0},"end":{"line":30,"column":5}},"30":{"start":{"line":31,"column":0},"end":{"line":31,"column":63}},"31":{"start":{"line":32,"column":0},"end":{"line":32,"column":46}},"32":{"start":{"line":33,"column":0},"end":{"line":33,"column":51}},"33":{"start":{"line":34,"column":0},"end":{"line":34,"column":46}},"34":{"start":{"line":35,"column":0},"end":{"line":35,"column":7}},"35":{"start":{"line":36,"column":0},"end":{"line":36,"column":5}},"36":{"start":{"line":37,"column":0},"end":{"line":37,"column":8}},"37":{"start":{"line":38,"column":0},"end":{"line":38,"column":80}},"38":{"start":{"line":39,"column":0},"end":{"line":39,"column":7}},"39":{"start":{"line":40,"column":0},"end":{"line":40,"column":41}},"40":{"start":{"line":41,"column":0},"end":{"line":41,"column":5}},"41":{"start":{"line":42,"column":0},"end":{"line":42,"column":0}},"42":{"start":{"line":43,"column":0},"end":{"line":43,"column":22}},"43":{"start":{"line":44,"column":0},"end":{"line":44,"column":22}},"44":{"start":{"line":45,"column":0},"end":{"line":45,"column":46}},"45":{"start":{"line":46,"column":0},"end":{"line":46,"column":46}},"46":{"start":{"line":47,"column":0},"end":{"line":47,"column":25}},"47":{"start":{"line":48,"column":0},"end":{"line":48,"column":0}},"48":{"start":{"line":49,"column":0},"end":{"line":49,"column":56}},"49":{"start":{"line":50,"column":0},"end":{"line":50,"column":46}},"50":{"start":{"line":51,"column":0},"end":{"line":51,"column":0}},"51":{"start":{"line":52,"column":0},"end":{"line":52,"column":41}},"52":{"start":{"line":53,"column":0},"end":{"line":53,"column":15}},"53":{"start":{"line":54,"column":0},"end":{"line":54,"column":21}},"54":{"start":{"line":55,"column":0},"end":{"line":55,"column":32}},"55":{"start":{"line":56,"column":0},"end":{"line":56,"column":17}},"56":{"start":{"line":57,"column":0},"end":{"line":57,"column":8}},"57":{"start":{"line":58,"column":0},"end":{"line":58,"column":0}},"58":{"start":{"line":59,"column":0},"end":{"line":59,"column":41}},"59":{"start":{"line":60,"column":0},"end":{"line":60,"column":15}},"60":{"start":{"line":61,"column":0},"end":{"line":61,"column":21}},"61":{"start":{"line":62,"column":0},"end":{"line":62,"column":32}},"62":{"start":{"line":63,"column":0},"end":{"line":63,"column":17}},"63":{"start":{"line":64,"column":0},"end":{"line":64,"column":8}},"64":{"start":{"line":65,"column":0},"end":{"line":65,"column":0}},"65":{"start":{"line":66,"column":0},"end":{"line":66,"column":64}},"66":{"start":{"line":67,"column":0},"end":{"line":67,"column":56}},"67":{"start":{"line":68,"column":0},"end":{"line":68,"column":29}},"68":{"start":{"line":69,"column":0},"end":{"line":69,"column":59}},"69":{"start":{"line":70,"column":0},"end":{"line":70,"column":66}},"70":{"start":{"line":71,"column":0},"end":{"line":71,"column":18}},"71":{"start":{"line":72,"column":0},"end":{"line":72,"column":45}},"72":{"start":{"line":73,"column":0},"end":{"line":73,"column":21}},"73":{"start":{"line":74,"column":0},"end":{"line":74,"column":11}},"74":{"start":{"line":75,"column":0},"end":{"line":75,"column":9}},"75":{"start":{"line":76,"column":0},"end":{"line":76,"column":7}},"76":{"start":{"line":77,"column":0},"end":{"line":77,"column":0}},"77":{"start":{"line":78,"column":0},"end":{"line":78,"column":38}},"78":{"start":{"line":79,"column":0},"end":{"line":79,"column":43}},"79":{"start":{"line":80,"column":0},"end":{"line":80,"column":20}},"80":{"start":{"line":81,"column":0},"end":{"line":81,"column":40}},"81":{"start":{"line":82,"column":0},"end":{"line":82,"column":75}},"82":{"start":{"line":83,"column":0},"end":{"line":83,"column":9}},"83":{"start":{"line":84,"column":0},"end":{"line":84,"column":45}},"84":{"start":{"line":85,"column":0},"end":{"line":85,"column":43}},"85":{"start":{"line":86,"column":0},"end":{"line":86,"column":20}},"86":{"start":{"line":87,"column":0},"end":{"line":87,"column":40}},"87":{"start":{"line":88,"column":0},"end":{"line":88,"column":75}},"88":{"start":{"line":89,"column":0},"end":{"line":89,"column":9}},"89":{"start":{"line":90,"column":0},"end":{"line":90,"column":14}},"90":{"start":{"line":91,"column":0},"end":{"line":91,"column":41}},"91":{"start":{"line":92,"column":0},"end":{"line":92,"column":7}},"92":{"start":{"line":93,"column":0},"end":{"line":93,"column":5}},"93":{"start":{"line":94,"column":0},"end":{"line":94,"column":0}},"94":{"start":{"line":95,"column":0},"end":{"line":95,"column":62}},"95":{"start":{"line":96,"column":0},"end":{"line":96,"column":59}},"96":{"start":{"line":97,"column":0},"end":{"line":97,"column":29}},"97":{"start":{"line":98,"column":0},"end":{"line":98,"column":15}},"98":{"start":{"line":99,"column":0},"end":{"line":99,"column":29}},"99":{"start":{"line":100,"column":0},"end":{"line":100,"column":37}},"100":{"start":{"line":101,"column":0},"end":{"line":101,"column":7}},"101":{"start":{"line":102,"column":0},"end":{"line":102,"column":5}},"102":{"start":{"line":103,"column":0},"end":{"line":103,"column":0}},"103":{"start":{"line":104,"column":0},"end":{"line":104,"column":45}},"104":{"start":{"line":105,"column":0},"end":{"line":105,"column":52}},"105":{"start":{"line":106,"column":0},"end":{"line":106,"column":14}},"106":{"start":{"line":107,"column":0},"end":{"line":107,"column":0}},"107":{"start":{"line":108,"column":0},"end":{"line":108,"column":33}},"108":{"start":{"line":109,"column":0},"end":{"line":109,"column":3}},"109":{"start":{"line":110,"column":0},"end":{"line":110,"column":0}},"110":{"start":{"line":111,"column":0},"end":{"line":111,"column":77}},"111":{"start":{"line":112,"column":0},"end":{"line":112,"column":41}},"112":{"start":{"line":113,"column":0},"end":{"line":113,"column":0}},"113":{"start":{"line":114,"column":0},"end":{"line":114,"column":28}},"114":{"start":{"line":115,"column":0},"end":{"line":115,"column":36}},"115":{"start":{"line":116,"column":0},"end":{"line":116,"column":42}},"116":{"start":{"line":117,"column":0},"end":{"line":117,"column":54}},"117":{"start":{"line":118,"column":0},"end":{"line":118,"column":7}},"118":{"start":{"line":119,"column":0},"end":{"line":119,"column":5}},"119":{"start":{"line":120,"column":0},"end":{"line":120,"column":0}},"120":{"start":{"line":121,"column":0},"end":{"line":121,"column":38}},"121":{"start":{"line":122,"column":0},"end":{"line":122,"column":28}},"122":{"start":{"line":123,"column":0},"end":{"line":123,"column":58}},"123":{"start":{"line":124,"column":0},"end":{"line":124,"column":53}},"124":{"start":{"line":125,"column":0},"end":{"line":125,"column":28}},"125":{"start":{"line":126,"column":0},"end":{"line":126,"column":26}},"126":{"start":{"line":127,"column":0},"end":{"line":127,"column":10}},"127":{"start":{"line":128,"column":0},"end":{"line":128,"column":63}},"128":{"start":{"line":129,"column":0},"end":{"line":129,"column":23}},"129":{"start":{"line":130,"column":0},"end":{"line":130,"column":9}},"130":{"start":{"line":131,"column":0},"end":{"line":131,"column":35}},"131":{"start":{"line":132,"column":0},"end":{"line":132,"column":7}},"132":{"start":{"line":133,"column":0},"end":{"line":133,"column":12}},"133":{"start":{"line":134,"column":0},"end":{"line":134,"column":3}},"134":{"start":{"line":135,"column":0},"end":{"line":135,"column":54}},"135":{"start":{"line":136,"column":0},"end":{"line":136,"column":68}},"136":{"start":{"line":137,"column":0},"end":{"line":137,"column":7}},"137":{"start":{"line":138,"column":0},"end":{"line":138,"column":5}},"138":{"start":{"line":139,"column":0},"end":{"line":139,"column":0}},"139":{"start":{"line":140,"column":0},"end":{"line":140,"column":16}},"140":{"start":{"line":141,"column":0},"end":{"line":141,"column":3}},"141":{"start":{"line":142,"column":0},"end":{"line":142,"column":1}},"142":{"start":{"line":143,"column":0},"end":{"line":143,"column":0}},"143":{"start":{"line":144,"column":0},"end":{"line":144,"column":42}}},"s":{"0":1,"1":1,"2":3,"3":3,"4":3,"5":3,"6":3,"7":3,"8":3,"9":3,"10":3,"11":3,"12":3,"13":3,"14":3,"15":3,"16":3,"17":3,"18":1,"19":1,"20":1,"21":3,"22":3,"23":3,"24":3,"25":3,"26":7,"27":1,"28":1,"29":7,"30":2,"31":3,"32":10,"33":0,"34":0,"35":10,"36":2,"37":2,"38":3,"39":0,"40":0,"41":2,"42":2,"43":2,"44":2,"45":2,"46":2,"47":2,"48":3,"49":6,"50":6,"51":6,"52":6,"53":6,"54":6,"55":6,"56":6,"57":6,"58":6,"59":6,"60":6,"61":6,"62":6,"63":6,"64":6,"65":6,"66":0,"67":0,"68":0,"69":0,"70":0,"71":0,"72":0,"73":0,"74":0,"75":0,"76":6,"77":6,"78":1,"79":1,"80":1,"81":0,"82":0,"83":6,"84":1,"85":1,"86":1,"87":1,"88":1,"89":5,"90":4,"91":4,"92":6,"93":2,"94":3,"95":0,"96":0,"97":0,"98":0,"99":0,"100":0,"101":0,"102":2,"103":2,"104":2,"105":2,"106":2,"107":2,"108":2,"109":1,"110":1,"111":12,"112":12,"113":12,"114":12,"115":6,"116":16,"117":16,"118":6,"119":12,"120":12,"121":12,"122":12,"123":21,"124":21,"125":21,"126":21,"127":21,"128":8,"129":8,"130":13,"131":13,"132":12,"133":0,"134":0,"135":0,"136":0,"137":0,"138":4,"139":4,"140":4,"141":1,"142":1,"143":1},"branchMap":{"0":{"type":"branch","line":2,"loc":{"start":{"line":2,"column":2},"end":{"line":19,"column":4}},"locations":[{"start":{"line":2,"column":2},"end":{"line":19,"column":4}}]},"1":{"type":"branch","line":21,"loc":{"start":{"line":21,"column":2},"end":{"line":109,"column":3}},"locations":[{"start":{"line":21,"column":2},"end":{"line":109,"column":3}}]},"2":{"type":"branch","line":26,"loc":{"start":{"line":26,"column":55},"end":{"line":30,"column":5}},"locations":[{"start":{"line":26,"column":55},"end":{"line":30,"column":5}}]},"3":{"type":"branch","line":27,"loc":{"start":{"line":27,"column":37},"end":{"line":29,"column":7}},"locations":[{"start":{"line":27,"column":37},"end":{"line":29,"column":7}}]},"4":{"type":"branch","line":30,"loc":{"start":{"line":30,"column":4},"end":{"line":32,"column":45}},"locations":[{"start":{"line":30,"column":4},"end":{"line":32,"column":45}}]},"5":{"type":"branch","line":32,"loc":{"start":{"line":32,"column":45},"end":{"line":36,"column":5}},"locations":[{"start":{"line":32,"column":45},"end":{"line":36,"column":5}}]},"6":{"type":"branch","line":33,"loc":{"start":{"line":33,"column":50},"end":{"line":35,"column":7}},"locations":[{"start":{"line":33,"column":50},"end":{"line":35,"column":7}}]},"7":{"type":"branch","line":36,"loc":{"start":{"line":36,"column":4},"end":{"line":38,"column":80}},"locations":[{"start":{"line":36,"column":4},"end":{"line":38,"column":80}}]},"8":{"type":"branch","line":39,"loc":{"start":{"line":39,"column":6},"end":{"line":41,"column":5}},"locations":[{"start":{"line":39,"column":6},"end":{"line":41,"column":5}}]},"9":{"type":"branch","line":41,"loc":{"start":{"line":41,"column":4},"end":{"line":49,"column":55}},"locations":[{"start":{"line":41,"column":4},"end":{"line":49,"column":55}}]},"10":{"type":"branch","line":49,"loc":{"start":{"line":49,"column":55},"end":{"line":93,"column":5}},"locations":[{"start":{"line":49,"column":55},"end":{"line":93,"column":5}}]},"11":{"type":"branch","line":66,"loc":{"start":{"line":66,"column":31},"end":{"line":66,"column":61}},"locations":[{"start":{"line":66,"column":31},"end":{"line":66,"column":61}}]},"12":{"type":"branch","line":66,"loc":{"start":{"line":66,"column":63},"end":{"line":76,"column":7}},"locations":[{"start":{"line":66,"column":63},"end":{"line":76,"column":7}}]},"13":{"type":"branch","line":78,"loc":{"start":{"line":78,"column":20},"end":{"line":78,"column":35}},"locations":[{"start":{"line":78,"column":20},"end":{"line":78,"column":35}}]},"14":{"type":"branch","line":78,"loc":{"start":{"line":78,"column":37},"end":{"line":84,"column":7}},"locations":[{"start":{"line":78,"column":37},"end":{"line":84,"column":7}}]},"15":{"type":"branch","line":81,"loc":{"start":{"line":81,"column":39},"end":{"line":83,"column":9}},"locations":[{"start":{"line":81,"column":39},"end":{"line":83,"column":9}}]},"16":{"type":"branch","line":84,"loc":{"start":{"line":84,"column":7},"end":{"line":92,"column":7}},"locations":[{"start":{"line":84,"column":7},"end":{"line":92,"column":7}}]},"17":{"type":"branch","line":84,"loc":{"start":{"line":84,"column":28},"end":{"line":84,"column":42}},"locations":[{"start":{"line":84,"column":28},"end":{"line":84,"column":42}}]},"18":{"type":"branch","line":84,"loc":{"start":{"line":84,"column":44},"end":{"line":90,"column":7}},"locations":[{"start":{"line":84,"column":44},"end":{"line":90,"column":7}}]},"19":{"type":"branch","line":90,"loc":{"start":{"line":90,"column":7},"end":{"line":92,"column":7}},"locations":[{"start":{"line":90,"column":7},"end":{"line":92,"column":7}}]},"20":{"type":"branch","line":93,"loc":{"start":{"line":93,"column":4},"end":{"line":95,"column":29}},"locations":[{"start":{"line":93,"column":4},"end":{"line":95,"column":29}}]},"21":{"type":"branch","line":95,"loc":{"start":{"line":95,"column":25},"end":{"line":95,"column":59}},"locations":[{"start":{"line":95,"column":25},"end":{"line":95,"column":59}}]},"22":{"type":"branch","line":95,"loc":{"start":{"line":95,"column":61},"end":{"line":102,"column":5}},"locations":[{"start":{"line":95,"column":61},"end":{"line":102,"column":5}}]},"23":{"type":"branch","line":102,"loc":{"start":{"line":102,"column":4},"end":{"line":109,"column":3}},"locations":[{"start":{"line":102,"column":4},"end":{"line":109,"column":3}}]},"24":{"type":"branch","line":88,"loc":{"start":{"line":88,"column":37},"end":{"line":88,"column":73}},"locations":[{"start":{"line":88,"column":37},"end":{"line":88,"column":73}}]},"25":{"type":"branch","line":105,"loc":{"start":{"line":105,"column":12},"end":{"line":105,"column":51}},"locations":[{"start":{"line":105,"column":12},"end":{"line":105,"column":51}}]},"26":{"type":"branch","line":111,"loc":{"start":{"line":111,"column":2},"end":{"line":141,"column":3}},"locations":[{"start":{"line":111,"column":2},"end":{"line":141,"column":3}}]},"27":{"type":"branch","line":112,"loc":{"start":{"line":112,"column":28},"end":{"line":112,"column":41}},"locations":[{"start":{"line":112,"column":28},"end":{"line":112,"column":41}}]},"28":{"type":"branch","line":115,"loc":{"start":{"line":115,"column":35},"end":{"line":119,"column":5}},"locations":[{"start":{"line":115,"column":35},"end":{"line":119,"column":5}}]},"29":{"type":"branch","line":116,"loc":{"start":{"line":116,"column":41},"end":{"line":118,"column":7}},"locations":[{"start":{"line":116,"column":41},"end":{"line":118,"column":7}}]},"30":{"type":"branch","line":117,"loc":{"start":{"line":117,"column":41},"end":{"line":117,"column":54}},"locations":[{"start":{"line":117,"column":41},"end":{"line":117,"column":54}}]},"31":{"type":"branch","line":123,"loc":{"start":{"line":123,"column":57},"end":{"line":132,"column":7}},"locations":[{"start":{"line":123,"column":57},"end":{"line":132,"column":7}}]},"32":{"type":"branch","line":128,"loc":{"start":{"line":128,"column":30},"end":{"line":128,"column":60}},"locations":[{"start":{"line":128,"column":30},"end":{"line":128,"column":60}}]},"33":{"type":"branch","line":128,"loc":{"start":{"line":128,"column":62},"end":{"line":130,"column":9}},"locations":[{"start":{"line":128,"column":62},"end":{"line":130,"column":9}}]},"34":{"type":"branch","line":130,"loc":{"start":{"line":130,"column":8},"end":{"line":132,"column":7}},"locations":[{"start":{"line":130,"column":8},"end":{"line":132,"column":7}}]},"35":{"type":"branch","line":132,"loc":{"start":{"line":132,"column":6},"end":{"line":133,"column":5}},"locations":[{"start":{"line":132,"column":6},"end":{"line":133,"column":5}}]},"36":{"type":"branch","line":133,"loc":{"start":{"line":133,"column":5},"end":{"line":138,"column":5}},"locations":[{"start":{"line":133,"column":5},"end":{"line":138,"column":5}}]},"37":{"type":"branch","line":138,"loc":{"start":{"line":138,"column":4},"end":{"line":141,"column":3}},"locations":[{"start":{"line":138,"column":4},"end":{"line":141,"column":3}}]}},"b":{"0":[3],"1":[3],"2":[7],"3":[1],"4":[2],"5":[10],"6":[0],"7":[2],"8":[0],"9":[2],"10":[6],"11":[0],"12":[0],"13":[2],"14":[1],"15":[0],"16":[5],"17":[4],"18":[1],"19":[4],"20":[2],"21":[0],"22":[0],"23":[2],"24":[3],"25":[6],"26":[12],"27":[0],"28":[6],"29":[16],"30":[0],"31":[21],"32":[13],"33":[8],"34":[13],"35":[4],"36":[0],"37":[4]},"fnMap":{"0":{"name":"<instance_members_initializer>","decl":{"start":{"line":2,"column":2},"end":{"line":19,"column":4}},"loc":{"start":{"line":2,"column":2},"end":{"line":19,"column":4}},"line":2},"1":{"name":"encontraPessoas","decl":{"start":{"line":21,"column":2},"end":{"line":109,"column":3}},"loc":{"start":{"line":21,"column":2},"end":{"line":109,"column":3}},"line":21},"2":{"name":"podeAdotar","decl":{"start":{"line":111,"column":2},"end":{"line":141,"column":3}},"loc":{"start":{"line":111,"column":2},"end":{"line":141,"column":3}},"line":111}},"f":{"0":3,"1":3,"2":12}}
}
