TN:
SF:src\abrigo-animais.js
FN:2,<instance_members_initializer>
FN:21,encontraPessoas
FN:111,podeAdotar
FNF:3
FNH:3
FNDA:3,<instance_members_initializer>
FNDA:3,encontraPessoas
FNDA:12,podeAdotar
DA:1,1
DA:2,1
DA:3,3
DA:4,3
DA:5,3
DA:6,3
DA:7,3
DA:8,3
DA:9,3
DA:10,3
DA:11,3
DA:12,3
DA:13,3
DA:14,3
DA:15,3
DA:16,3
DA:17,3
DA:18,3
DA:19,1
DA:20,1
DA:21,1
DA:22,3
DA:23,3
DA:24,3
DA:25,3
DA:26,3
DA:27,7
DA:28,1
DA:29,1
DA:30,7
DA:31,2
DA:32,3
DA:33,10
DA:34,0
DA:35,0
DA:36,10
DA:37,2
DA:38,2
DA:39,3
DA:40,0
DA:41,0
DA:42,2
DA:43,2
DA:44,2
DA:45,2
DA:46,2
DA:47,2
DA:48,2
DA:49,3
DA:50,6
DA:51,6
DA:52,6
DA:53,6
DA:54,6
DA:55,6
DA:56,6
DA:57,6
DA:58,6
DA:59,6
DA:60,6
DA:61,6
DA:62,6
DA:63,6
DA:64,6
DA:65,6
DA:66,6
DA:67,0
DA:68,0
DA:69,0
DA:70,0
DA:71,0
DA:72,0
DA:73,0
DA:74,0
DA:75,0
DA:76,0
DA:77,6
DA:78,6
DA:79,1
DA:80,1
DA:81,1
DA:82,0
DA:83,0
DA:84,6
DA:85,1
DA:86,1
DA:87,1
DA:88,1
DA:89,1
DA:90,5
DA:91,4
DA:92,4
DA:93,6
DA:94,2
DA:95,3
DA:96,0
DA:97,0
DA:98,0
DA:99,0
DA:100,0
DA:101,0
DA:102,0
DA:103,2
DA:104,2
DA:105,2
DA:106,2
DA:107,2
DA:108,2
DA:109,2
DA:110,1
DA:111,1
DA:112,12
DA:113,12
DA:114,12
DA:115,12
DA:116,6
DA:117,16
DA:118,16
DA:119,6
DA:120,12
DA:121,12
DA:122,12
DA:123,12
DA:124,21
DA:125,21
DA:126,21
DA:127,21
DA:128,21
DA:129,8
DA:130,8
DA:131,13
DA:132,13
DA:133,12
DA:134,0
DA:135,0
DA:136,0
DA:137,0
DA:138,0
DA:139,4
DA:140,4
DA:141,4
DA:142,1
DA:143,1
DA:144,1
LF:144
LH:116
BRDA:2,0,0,3
BRDA:21,1,0,3
BRDA:26,2,0,7
BRDA:27,3,0,1
BRDA:30,4,0,2
BRDA:32,5,0,10
BRDA:33,6,0,0
BRDA:36,7,0,2
BRDA:39,8,0,0
BRDA:41,9,0,2
BRDA:49,10,0,6
BRDA:66,11,0,0
BRDA:66,12,0,0
BRDA:78,13,0,2
BRDA:78,14,0,1
BRDA:81,15,0,0
BRDA:84,16,0,5
BRDA:84,17,0,4
BRDA:84,18,0,1
BRDA:90,19,0,4
BRDA:93,20,0,2
BRDA:95,21,0,0
BRDA:95,22,0,0
BRDA:102,23,0,2
BRDA:88,24,0,3
BRDA:105,25,0,6
BRDA:111,26,0,12
BRDA:112,27,0,0
BRDA:115,28,0,6
BRDA:116,29,0,16
BRDA:117,30,0,0
BRDA:123,31,0,21
BRDA:128,32,0,13
BRDA:128,33,0,8
BRDA:130,34,0,13
BRDA:132,35,0,4
BRDA:133,36,0,0
BRDA:138,37,0,4
BRF:38
BRH:28
end_of_record
